<?xml version="1.0" encoding="UTF-8"?>
<testng-results skipped="0" failed="0" total="1" passed="1">
  <reporter-output>
  </reporter-output>
  <suite name="Default suite" duration-ms="83543" started-at="2020-11-03T14:08:30Z" finished-at="2020-11-03T14:09:54Z">
    <groups>
    </groups>
    <test name="Default test" duration-ms="83543" started-at="2020-11-03T14:08:30Z" finished-at="2020-11-03T14:09:54Z">
      <class name="testCases.ValidatePageBrowse">
        <test-method status="PASS" signature="initialize()[pri:0, instance:testCases.ValidatePageBrowse@1b083826]" name="initialize" is-config="true" duration-ms="5905" started-at="2020-11-03T14:08:30Z" finished-at="2020-11-03T14:08:36Z">
          <reporter-output>
          </reporter-output>
        </test-method> <!-- initialize -->
        <test-method status="PASS" signature="getBrowsePages()[pri:0, instance:testCases.ValidatePageBrowse@1b083826]" name="getBrowsePages" duration-ms="76987" started-at="2020-11-03T14:08:36Z" finished-at="2020-11-03T14:09:53Z">
          <reporter-output>
          </reporter-output>
        </test-method> <!-- getBrowsePages -->
        <test-method status="PASS" signature="quiteSession()[pri:0, instance:testCases.ValidatePageBrowse@1b083826]" name="quiteSession" is-config="true" duration-ms="642" started-at="2020-11-03T14:09:53Z" finished-at="2020-11-03T14:09:54Z">
          <reporter-output>
          </reporter-output>
        </test-method> <!-- quiteSession -->
      </class> <!-- testCases.ValidatePageBrowse -->
    </test> <!-- Default test -->
  </suite> <!-- Default suite -->
</testng-results>
